<?xml version="1.0" encoding="UTF-8"?>
<!-- Generated by org.testng.reporters.JUnitXMLReporter -->
<testsuite ignored="6" hostname="Atuls-MacBook-Air.local" failures="1" tests="1" name="Default test" time="54.752" errors="0" timestamp="2023-03-21T15:21:30 IST">
  <testcase classname="qa.bridgelabz.test.BookStoreTest" name="insertDatainToTheRegistrationField" time="22.344">
    <failure type="java.lang.IllegalStateException">
      <![CDATA[java.lang.IllegalStateException
at java.base/java.util.Optional.orElseThrow(Optional.java:403)
at qa.bridgelabz.pages.RegistrationToBookStore.getMessage(RegistrationToBookStore.java:94)
at qa.bridgelabz.pages.RegistrationToBookStore.getotp(RegistrationToBookStore.java:86)
at qa.bridgelabz.pages.RegistrationToBookStore.enterDataIntoElements(RegistrationToBookStore.java:79)
at qa.bridgelabz.test.BookStoreTest.insertDatainToTheRegistrationField(BookStoreTest.java:42)
at java.base/jdk.internal.reflect.NativeMethodAccessorImpl.invoke0(Native Method)
at java.base/jdk.internal.reflect.NativeMethodAccessorImpl.invoke(NativeMethodAccessorImpl.java:77)
at java.base/jdk.internal.reflect.DelegatingMethodAccessorImpl.invoke(DelegatingMethodAccessorImpl.java:43)
at java.base/java.lang.reflect.Method.invoke(Method.java:568)
at org.testng.internal.MethodInvocationHelper.invokeMethod(MethodInvocationHelper.java:133)
at org.testng.internal.TestInvoker.invokeMethod(TestInvoker.java:598)
at org.testng.internal.TestInvoker.invokeTestMethod(TestInvoker.java:173)
at org.testng.internal.MethodRunner.runInSequence(MethodRunner.java:46)
at org.testng.internal.TestInvoker$MethodInvocationAgent.invoke(TestInvoker.java:824)
at org.testng.internal.TestInvoker.invokeTestMethods(TestInvoker.java:146)
at org.testng.internal.TestMethodWorker.invokeTestMethods(TestMethodWorker.java:146)
at org.testng.internal.TestMethodWorker.run(TestMethodWorker.java:128)
at java.base/java.util.ArrayList.forEach(ArrayList.java:1511)
at org.testng.TestRunner.privateRun(TestRunner.java:794)
at org.testng.TestRunner.run(TestRunner.java:596)
at org.testng.SuiteRunner.runTest(SuiteRunner.java:377)
at org.testng.SuiteRunner.runSequentially(SuiteRunner.java:371)
at org.testng.SuiteRunner.privateRun(SuiteRunner.java:332)
at org.testng.SuiteRunner.run(SuiteRunner.java:276)
at org.testng.SuiteRunnerWorker.runSuite(SuiteRunnerWorker.java:53)
at org.testng.SuiteRunnerWorker.run(SuiteRunnerWorker.java:96)
at org.testng.TestNG.runSuitesSequentially(TestNG.java:1212)
at org.testng.TestNG.runSuitesLocally(TestNG.java:1134)
at org.testng.TestNG.runSuites(TestNG.java:1063)
at org.testng.TestNG.run(TestNG.java:1031)
at org.testng.remote.AbstractRemoteTestNG.run(AbstractRemoteTestNG.java:115)
at org.testng.remote.RemoteTestNG.initAndRun(RemoteTestNG.java:251)
at org.testng.remote.RemoteTestNG.main(RemoteTestNG.java:77)
]]>
    </failure>
  </testcase> <!-- insertDatainToTheRegistrationField -->
  <testcase classname="qa.bridgelabz.test.BookStoreTest" name="dashBoard" time="0.0">
    <ignored/>
  </testcase> <!-- dashBoard -->
  <testcase classname="qa.bridgelabz.test.BookStoreTest" name="LogOutToTheBooksWagaon" time="0.0">
    <ignored/>
  </testcase> <!-- LogOutToTheBooksWagaon -->
  <testcase classname="qa.bridgelabz.test.BookStoreTest" name="redirectOnSignup" time="0.0">
    <ignored/>
  </testcase> <!-- redirectOnSignup -->
  <testcase classname="qa.bridgelabz.test.BookStoreTest" name="loginToBookWagon" time="0.0">
    <ignored/>
  </testcase> <!-- loginToBookWagon -->
  <testcase classname="qa.bridgelabz.test.BookStoreTest" name="buyNow" time="0.0">
    <ignored/>
  </testcase> <!-- buyNow -->
  <testcase classname="qa.bridgelabz.test.BookStoreTest" name="addYourAddress" time="0.0">
    <ignored/>
  </testcase> <!-- addYourAddress -->
</testsuite> <!-- Default test -->
