<?xml version="1.0" encoding="UTF-8"?>
<testng-results ignored="6" total="7" passed="0" failed="1" skipped="0">
  <reporter-output>
  </reporter-output>
  <suite started-at="2023-03-21T15:20:30 IST" name="Default suite" finished-at="2023-03-21T15:21:24 IST" duration-ms="54752">
    <groups>
    </groups>
    <test started-at="2023-03-21T15:20:30 IST" name="Default test" finished-at="2023-03-21T15:21:24 IST" duration-ms="54752">
      <class name="qa.bridgelabz.test.BookStoreTest">
        <test-method is-config="true" signature="initialization()[pri:0, instance:qa.bridgelabz.test.BookStoreTest@636be97c]" started-at="2023-03-21T15:20:30 IST" name="initialization" finished-at="2023-03-21T15:21:01 IST" duration-ms="31387" status="PASS">
          <reporter-output>
          </reporter-output>
        </test-method> <!-- initialization -->
        <test-method signature="insertDatainToTheRegistrationField()[pri:1, instance:qa.bridgelabz.test.BookStoreTest@636be97c]" started-at="2023-03-21T15:21:01 IST" name="insertDatainToTheRegistrationField" finished-at="2023-03-21T15:21:24 IST" duration-ms="22344" status="FAIL">
          <exception class="java.lang.IllegalStateException">
            <full-stacktrace>
              <![CDATA[java.lang.IllegalStateException
at java.base/java.util.Optional.orElseThrow(Optional.java:403)
at qa.bridgelabz.pages.RegistrationToBookStore.getMessage(RegistrationToBookStore.java:94)
at qa.bridgelabz.pages.RegistrationToBookStore.getotp(RegistrationToBookStore.java:86)
at qa.bridgelabz.pages.RegistrationToBookStore.enterDataIntoElements(RegistrationToBookStore.java:79)
at qa.bridgelabz.test.BookStoreTest.insertDatainToTheRegistrationField(BookStoreTest.java:42)
at java.base/jdk.internal.reflect.NativeMethodAccessorImpl.invoke0(Native Method)
at java.base/jdk.internal.reflect.NativeMethodAccessorImpl.invoke(NativeMethodAccessorImpl.java:77)
at java.base/jdk.internal.reflect.DelegatingMethodAccessorImpl.invoke(DelegatingMethodAccessorImpl.java:43)
at java.base/java.lang.reflect.Method.invoke(Method.java:568)
at org.testng.internal.MethodInvocationHelper.invokeMethod(MethodInvocationHelper.java:133)
at org.testng.internal.TestInvoker.invokeMethod(TestInvoker.java:598)
at org.testng.internal.TestInvoker.invokeTestMethod(TestInvoker.java:173)
at org.testng.internal.MethodRunner.runInSequence(MethodRunner.java:46)
at org.testng.internal.TestInvoker$MethodInvocationAgent.invoke(TestInvoker.java:824)
at org.testng.internal.TestInvoker.invokeTestMethods(TestInvoker.java:146)
at org.testng.internal.TestMethodWorker.invokeTestMethods(TestMethodWorker.java:146)
at org.testng.internal.TestMethodWorker.run(TestMethodWorker.java:128)
at java.base/java.util.ArrayList.forEach(ArrayList.java:1511)
at org.testng.TestRunner.privateRun(TestRunner.java:794)
at org.testng.TestRunner.run(TestRunner.java:596)
at org.testng.SuiteRunner.runTest(SuiteRunner.java:377)
at org.testng.SuiteRunner.runSequentially(SuiteRunner.java:371)
at org.testng.SuiteRunner.privateRun(SuiteRunner.java:332)
at org.testng.SuiteRunner.run(SuiteRunner.java:276)
at org.testng.SuiteRunnerWorker.runSuite(SuiteRunnerWorker.java:53)
at org.testng.SuiteRunnerWorker.run(SuiteRunnerWorker.java:96)
at org.testng.TestNG.runSuitesSequentially(TestNG.java:1212)
at org.testng.TestNG.runSuitesLocally(TestNG.java:1134)
at org.testng.TestNG.runSuites(TestNG.java:1063)
at org.testng.TestNG.run(TestNG.java:1031)
at org.testng.remote.AbstractRemoteTestNG.run(AbstractRemoteTestNG.java:115)
at org.testng.remote.RemoteTestNG.initAndRun(RemoteTestNG.java:251)
at org.testng.remote.RemoteTestNG.main(RemoteTestNG.java:77)
]]>
            </full-stacktrace>
          </exception> <!-- java.lang.IllegalStateException -->
          <reporter-output>
          </reporter-output>
        </test-method> <!-- insertDatainToTheRegistrationField -->
        <test-method is-config="true" signature="tearDown()[pri:0, instance:qa.bridgelabz.test.BookStoreTest@636be97c]" started-at="2023-03-21T15:21:24 IST" name="tearDown" finished-at="2023-03-21T15:21:24 IST" duration-ms="166" status="PASS">
          <reporter-output>
          </reporter-output>
        </test-method> <!-- tearDown -->
      </class> <!-- qa.bridgelabz.test.BookStoreTest -->
    </test> <!-- Default test -->
  </suite> <!-- Default suite -->
</testng-results>
